# JRE version: OpenJDK Runtime Environment (11.0.8+10) (build 11.0.8+10-b944.6842174)
# Java VM: OpenJDK 64-Bit Server VM (11.0.8+10-b944.6842174, mixed mode, tiered, compressed oops, g1 gc, windows-amd64)
Heap:
 garbage-first heap   total 342016K, used 216954K [0x0000000080000000, 0x0000000100000000)
  region size 1024K, 25 young (25600K), 13 survivors (13312K)
 Metaspace       used 111297K, capacity 114124K, committed 114380K, reserved 1148928K
  class space    used 13983K, capacity 15007K, committed 15052K, reserved 1048576K
GC Heap History (20 events):
Event: 23.442 GC heap before
{Heap before GC invocations=36 (full 0):
 garbage-first heap   total 284672K, used 142176K [0x0000000080000000, 0x0000000100000000)
  region size 1024K, 13 young (13312K), 9 survivors (9216K)
 Metaspace       used 93938K, capacity 96341K, committed 96588K, reserved 1132544K
  class space    used 12185K, capacity 13068K, committed 13132K, reserved 1048576K
}
Event: 23.452 GC heap after
{Heap after GC invocations=37 (full 0):
 garbage-first heap   total 284672K, used 139688K [0x0000000080000000, 0x0000000100000000)
  region size 1024K, 2 young (2048K), 2 survivors (2048K)
 Metaspace       used 93938K, capacity 96341K, committed 96588K, reserved 1132544K
  class space    used 12185K, capacity 13068K, committed 13132K, reserved 1048576K
}
Event: 24.268 GC heap before
{Heap before GC invocations=37 (full 0):
 garbage-first heap   total 284672K, used 220584K [0x0000000080000000, 0x0000000100000000)
  region size 1024K, 80 young (81920K), 2 survivors (2048K)
 Metaspace       used 94262K, capacity 96694K, committed 96844K, reserved 1132544K
  class space    used 12225K, capacity 13097K, committed 13132K, reserved 1048576K
}
Event: 24.290 GC heap after
{Heap after GC invocations=38 (full 0):
 garbage-first heap   total 284672K, used 158440K [0x0000000080000000, 0x0000000100000000)
  region size 1024K, 10 young (10240K), 10 survivors (10240K)
 Metaspace       used 94262K, capacity 96694K, committed 96844K, reserved 1132544K
  class space    used 12225K, capacity 13097K, committed 13132K, reserved 1048576K
}
Event: 24.904 GC heap before
{Heap before GC invocations=39 (full 0):
 garbage-first heap   total 284672K, used 226024K [0x0000000080000000, 0x0000000100000000)
  region size 1024K, 74 young (75776K), 10 survivors (10240K)
 Metaspace       used 95973K, capacity 98508K, committed 98636K, reserved 1134592K
  class space    used 12420K, capacity 13354K, committed 13388K, reserved 1048576K
}
Event: 24.921 GC heap after
{Heap after GC invocations=40 (full 0):
 garbage-first heap   total 284672K, used 166096K [0x0000000080000000, 0x0000000100000000)
  region size 1024K, 6 young (6144K), 6 survivors (6144K)
 Metaspace       used 95973K, capacity 98508K, committed 98636K, reserved 1134592K
  class space    used 12420K, capacity 13354K, committed 13388K, reserved 1048576K
}
Event: 24.986 GC heap before
{Heap before GC invocations=40 (full 0):
 garbage-first heap   total 284672K, used 172240K [0x0000000080000000, 0x0000000100000000)
  region size 1024K, 13 young (13312K), 6 survivors (6144K)
 Metaspace       used 95973K, capacity 98508K, committed 98636K, reserved 1134592K
  class space    used 12420K, capacity 13354K, committed 13388K, reserved 1048576K
}
Event: 24.996 GC heap after
{Heap after GC invocations=41 (full 0):
 garbage-first heap   total 342016K, used 165545K [0x0000000080000000, 0x0000000100000000)
  region size 1024K, 2 young (2048K), 2 survivors (2048K)
 Metaspace       used 95973K, capacity 98508K, committed 98636K, reserved 1134592K
  class space    used 12420K, capacity 13354K, committed 13388K, reserved 1048576K
}
Event: 25.507 GC heap before
{Heap before GC invocations=41 (full 0):
 garbage-first heap   total 342016K, used 249513K [0x0000000080000000, 0x0000000100000000)
  region size 1024K, 84 young (86016K), 2 survivors (2048K)
 Metaspace       used 97442K, capacity 100027K, committed 100300K, reserved 1136640K
  class space    used 12515K, capacity 13432K, committed 13516K, reserved 1048576K
}
Event: 25.515 GC heap after
{Heap after GC invocations=42 (full 0):
 garbage-first heap   total 342016K, used 169324K [0x0000000080000000, 0x0000000100000000)
  region size 1024K, 5 young (5120K), 5 survivors (5120K)
 Metaspace       used 97442K, capacity 100027K, committed 100300K, reserved 1136640K
  class space    used 12515K, capacity 13432K, committed 13516K, reserved 1048576K
}
Event: 25.859 GC heap before
{Heap before GC invocations=42 (full 0):
 garbage-first heap   total 342016K, used 258412K [0x0000000080000000, 0x0000000100000000)
  region size 1024K, 91 young (93184K), 5 survivors (5120K)
 Metaspace       used 97472K, capacity 100091K, committed 100300K, reserved 1136640K
  class space    used 12515K, capacity 13432K, committed 13516K, reserved 1048576K
}
Event: 25.866 GC heap after
{Heap after GC invocations=43 (full 0):
 garbage-first heap   total 342016K, used 171731K [0x0000000080000000, 0x0000000100000000)
  region size 1024K, 8 young (8192K), 8 survivors (8192K)
 Metaspace       used 97472K, capacity 100091K, committed 100300K, reserved 1136640K
  class space    used 12515K, capacity 13432K, committed 13516K, reserved 1048576K
}
Event: 26.371 GC heap before
{Heap before GC invocations=43 (full 0):
 garbage-first heap   total 342016K, used 260819K [0x0000000080000000, 0x0000000100000000)
  region size 1024K, 96 young (98304K), 8 survivors (8192K)
 Metaspace       used 101699K, capacity 104232K, committed 104396K, reserved 1140736K
  class space    used 13036K, capacity 13983K, committed 14028K, reserved 1048576K
}
Event: 26.383 GC heap after
{Heap after GC invocations=44 (full 0):
 garbage-first heap   total 342016K, used 174451K [0x0000000080000000, 0x0000000100000000)
  region size 1024K, 8 young (8192K), 8 survivors (8192K)
 Metaspace       used 101699K, capacity 104232K, committed 104396K, reserved 1140736K
  class space    used 13036K, capacity 13983K, committed 14028K, reserved 1048576K
}
Event: 27.074 GC heap before
{Heap before GC invocations=44 (full 0):
 garbage-first heap   total 342016K, used 268659K [0x0000000080000000, 0x0000000100000000)
  region size 1024K, 99 young (101376K), 8 survivors (8192K)
 Metaspace       used 103733K, capacity 106326K, committed 106444K, reserved 1140736K
  class space    used 13222K, capacity 14168K, committed 14284K, reserved 1048576K
}
Event: 27.083 GC heap after
{Heap after GC invocations=45 (full 0):
 garbage-first heap   total 342016K, used 178641K [0x0000000080000000, 0x0000000100000000)
  region size 1024K, 9 young (9216K), 9 survivors (9216K)
 Metaspace       used 103733K, capacity 106326K, committed 106444K, reserved 1140736K
  class space    used 13222K, capacity 14168K, committed 14284K, reserved 1048576K
}
Event: 28.404 GC heap before
{Heap before GC invocations=45 (full 0):
 garbage-first heap   total 342016K, used 273873K [0x0000000080000000, 0x0000000100000000)
  region size 1024K, 101 young (103424K), 9 survivors (9216K)
 Metaspace       used 103810K, capacity 106395K, committed 106700K, reserved 1142784K
  class space    used 13222K, capacity 14168K, committed 14284K, reserved 1048576K
}
Event: 28.413 GC heap after
{Heap after GC invocations=46 (full 0):
 garbage-first heap   total 342016K, used 188743K [0x0000000080000000, 0x0000000100000000)
  region size 1024K, 13 young (13312K), 13 survivors (13312K)
 Metaspace       used 103810K, capacity 106395K, committed 106700K, reserved 1142784K
  class space    used 13222K, capacity 14168K, committed 14284K, reserved 1048576K
}
Event: 30.138 GC heap before
{Heap before GC invocations=46 (full 0):
 garbage-first heap   total 342016K, used 279879K [0x0000000080000000, 0x0000000100000000)
  region size 1024K, 99 young (101376K), 13 survivors (13312K)
 Metaspace       used 111093K, capacity 113961K, committed 114124K, reserved 1148928K
  class space    used 13958K, capacity 14996K, committed 15052K, reserved 1048576K
}
Event: 30.155 GC heap after
{Heap after GC invocations=47 (full 0):
 garbage-first heap   total 342016K, used 205690K [0x0000000080000000, 0x0000000100000000)
  region size 1024K, 13 young (13312K), 13 survivors (13312K)
 Metaspace       used 111093K, capacity 113961K, committed 114124K, reserved 1148928K
  class space    used 13958K, capacity 14996K, committed 15052K, reserved 1048576K
}

