# JRE version: OpenJDK Runtime Environment (11.0.8+10) (build 11.0.8+10-b944.6842174)
# Java VM: OpenJDK 64-Bit Server VM (11.0.8+10-b944.6842174, mixed mode, tiered, compressed oops, g1 gc, windows-amd64)
Heap:
 garbage-first heap   total 342016K, used 161038K [0x0000000080000000, 0x0000000100000000)
  region size 1024K, 9 young (9216K), 9 survivors (9216K)
 Metaspace       used 103807K, capacity 106389K, committed 106700K, reserved 1142784K
  class space    used 13218K, capacity 14168K, committed 14284K, reserved 1048576K
GC Heap History (20 events):
Event: 18.302 GC heap after
{Heap after GC invocations=29 (full 0):
 garbage-first heap   total 236544K, used 132923K [0x0000000080000000, 0x0000000100000000)
  region size 1024K, 2 young (2048K), 2 survivors (2048K)
 Metaspace       used 88826K, capacity 91214K, committed 91596K, reserved 1128448K
  class space    used 11521K, capacity 12387K, committed 12492K, reserved 1048576K
}
Event: 18.630 GC heap before
{Heap before GC invocations=29 (full 0):
 garbage-first heap   total 236544K, used 194363K [0x0000000080000000, 0x0000000100000000)
  region size 1024K, 63 young (64512K), 2 survivors (2048K)
 Metaspace       used 89730K, capacity 92143K, committed 92620K, reserved 1128448K
  class space    used 11660K, capacity 12547K, committed 12748K, reserved 1048576K
}
Event: 18.637 GC heap after
{Heap after GC invocations=30 (full 0):
 garbage-first heap   total 236544K, used 135846K [0x0000000080000000, 0x0000000100000000)
  region size 1024K, 4 young (4096K), 4 survivors (4096K)
 Metaspace       used 89730K, capacity 92143K, committed 92620K, reserved 1128448K
  class space    used 11660K, capacity 12547K, committed 12748K, reserved 1048576K
}
Event: 19.386 GC heap before
{Heap before GC invocations=31 (full 0):
 garbage-first heap   total 236544K, used 196262K [0x0000000080000000, 0x0000000100000000)
  region size 1024K, 64 young (65536K), 4 survivors (4096K)
 Metaspace       used 93962K, capacity 96337K, committed 96716K, reserved 1132544K
  class space    used 12181K, capacity 13068K, committed 13260K, reserved 1048576K
}
Event: 19.397 GC heap after
{Heap after GC invocations=32 (full 0):
 garbage-first heap   total 236544K, used 140024K [0x0000000080000000, 0x0000000100000000)
  region size 1024K, 8 young (8192K), 8 survivors (8192K)
 Metaspace       used 93962K, capacity 96337K, committed 96716K, reserved 1132544K
  class space    used 12181K, capacity 13068K, committed 13260K, reserved 1048576K
}
Event: 19.430 GC heap before
{Heap before GC invocations=32 (full 0):
 garbage-first heap   total 236544K, used 143096K [0x0000000080000000, 0x0000000100000000)
  region size 1024K, 11 young (11264K), 8 survivors (8192K)
 Metaspace       used 93962K, capacity 96337K, committed 96716K, reserved 1132544K
  class space    used 12181K, capacity 13068K, committed 13260K, reserved 1048576K
}
Event: 19.438 GC heap after
{Heap after GC invocations=33 (full 0):
 garbage-first heap   total 236544K, used 138881K [0x0000000080000000, 0x0000000100000000)
  region size 1024K, 2 young (2048K), 2 survivors (2048K)
 Metaspace       used 93962K, capacity 96337K, committed 96716K, reserved 1132544K
  class space    used 12181K, capacity 13068K, committed 13260K, reserved 1048576K
}
Event: 19.991 GC heap before
{Heap before GC invocations=33 (full 0):
 garbage-first heap   total 236544K, used 198273K [0x0000000080000000, 0x0000000100000000)
  region size 1024K, 59 young (60416K), 2 survivors (2048K)
 Metaspace       used 94221K, capacity 96678K, committed 96972K, reserved 1132544K
  class space    used 12217K, capacity 13095K, committed 13260K, reserved 1048576K
}
Event: 20.008 GC heap after
{Heap after GC invocations=34 (full 0):
 garbage-first heap   total 284672K, used 145602K [0x0000000080000000, 0x0000000100000000)
  region size 1024K, 8 young (8192K), 8 survivors (8192K)
 Metaspace       used 94221K, capacity 96678K, committed 96972K, reserved 1132544K
  class space    used 12217K, capacity 13095K, committed 13260K, reserved 1048576K
}
Event: 20.626 GC heap before
{Heap before GC invocations=35 (full 0):
 garbage-first heap   total 284672K, used 233666K [0x0000000080000000, 0x0000000100000000)
  region size 1024K, 92 young (94208K), 8 survivors (8192K)
 Metaspace       used 95805K, capacity 98436K, committed 98636K, reserved 1134592K
  class space    used 12389K, capacity 13290K, committed 13388K, reserved 1048576K
}
Event: 20.633 GC heap after
{Heap after GC invocations=36 (full 0):
 garbage-first heap   total 284672K, used 147965K [0x0000000080000000, 0x0000000100000000)
  region size 1024K, 5 young (5120K), 5 survivors (5120K)
 Metaspace       used 95805K, capacity 98436K, committed 98636K, reserved 1134592K
  class space    used 12389K, capacity 13290K, committed 13388K, reserved 1048576K
}
Event: 21.098 GC heap before
{Heap before GC invocations=36 (full 0):
 garbage-first heap   total 284672K, used 233981K [0x0000000080000000, 0x0000000100000000)
  region size 1024K, 89 young (91136K), 5 survivors (5120K)
 Metaspace       used 97344K, capacity 99859K, committed 100044K, reserved 1136640K
  class space    used 12499K, capacity 13399K, committed 13516K, reserved 1048576K
}
Event: 21.107 GC heap after
{Heap after GC invocations=37 (full 0):
 garbage-first heap   total 284672K, used 150579K [0x0000000080000000, 0x0000000100000000)
  region size 1024K, 8 young (8192K), 8 survivors (8192K)
 Metaspace       used 97344K, capacity 99859K, committed 100044K, reserved 1136640K
  class space    used 12499K, capacity 13399K, committed 13516K, reserved 1048576K
}
Event: 21.506 GC heap before
{Heap before GC invocations=37 (full 0):
 garbage-first heap   total 284672K, used 236595K [0x0000000080000000, 0x0000000100000000)
  region size 1024K, 91 young (93184K), 8 survivors (8192K)
 Metaspace       used 97526K, capacity 100059K, committed 100300K, reserved 1136640K
  class space    used 12512K, capacity 13401K, committed 13516K, reserved 1048576K
}
Event: 21.514 GC heap after
{Heap after GC invocations=38 (full 0):
 garbage-first heap   total 284672K, used 151842K [0x0000000080000000, 0x0000000100000000)
  region size 1024K, 7 young (7168K), 7 survivors (7168K)
 Metaspace       used 97526K, capacity 100059K, committed 100300K, reserved 1136640K
  class space    used 12512K, capacity 13401K, committed 13516K, reserved 1048576K
}
Event: 21.872 GC heap before
{Heap before GC invocations=38 (full 0):
 garbage-first heap   total 284672K, used 235810K [0x0000000080000000, 0x0000000100000000)
  region size 1024K, 90 young (92160K), 7 survivors (7168K)
 Metaspace       used 101495K, capacity 104099K, committed 104396K, reserved 1140736K
  class space    used 13009K, capacity 13981K, committed 14028K, reserved 1048576K
}
Event: 21.881 GC heap after
{Heap after GC invocations=39 (full 0):
 garbage-first heap   total 284672K, used 154598K [0x0000000080000000, 0x0000000100000000)
  region size 1024K, 9 young (9216K), 9 survivors (9216K)
 Metaspace       used 101495K, capacity 104099K, committed 104396K, reserved 1140736K
  class space    used 13009K, capacity 13981K, committed 14028K, reserved 1048576K
}
Event: 22.232 GC heap before
{Heap before GC invocations=39 (full 0):
 garbage-first heap   total 284672K, used 240614K [0x0000000080000000, 0x0000000100000000)
  region size 1024K, 92 young (94208K), 9 survivors (9216K)
 Metaspace       used 103194K, capacity 105817K, committed 106060K, reserved 1140736K
  class space    used 13169K, capacity 14127K, committed 14156K, reserved 1048576K
}
Event: 22.241 GC heap after
{Heap after GC invocations=40 (full 0):
 garbage-first heap   total 284672K, used 157998K [0x0000000080000000, 0x0000000100000000)
  region size 1024K, 10 young (10240K), 10 survivors (10240K)
 Metaspace       used 103194K, capacity 105817K, committed 106060K, reserved 1140736K
  class space    used 13169K, capacity 14127K, committed 14156K, reserved 1048576K
}
Event: 22.624 GC heap before
{Heap before GC invocations=40 (full 0):
 garbage-first heap   total 284672K, used 239918K [0x0000000080000000, 0x0000000100000000)
  region size 1024K, 91 young (93184K), 10 survivors (10240K)
 Metaspace       used 103807K, capacity 106389K, committed 106700K, reserved 1142784K
  class space    used 13218K, capacity 14168K, committed 14284K, reserved 1048576K
}

