# JRE version: OpenJDK Runtime Environment (11.0.8+10) (build 11.0.8+10-b944.6842174)
# Java VM: OpenJDK 64-Bit Server VM (11.0.8+10-b944.6842174, mixed mode, tiered, compressed oops, g1 gc, windows-amd64)
Heap:
 garbage-first heap   total 196608K, used 69513K [0x0000000080000000, 0x0000000100000000)
  region size 1024K, 10 young (10240K), 7 survivors (7168K)
 Metaspace       used 70722K, capacity 72450K, committed 72652K, reserved 1112064K
  class space    used 9224K, capacity 9846K, committed 9932K, reserved 1048576K
GC Heap History (18 events):
Event: 1.000 GC heap before
{Heap before GC invocations=0 (full 0):
 garbage-first heap   total 196608K, used 29696K [0x0000000080000000, 0x0000000100000000)
  region size 1024K, 24 young (24576K), 0 survivors (0K)
 Metaspace       used 10374K, capacity 10641K, committed 11008K, reserved 1058816K
  class space    used 1093K, capacity 1163K, committed 1280K, reserved 1048576K
}
Event: 1.004 GC heap after
{Heap after GC invocations=1 (full 0):
 garbage-first heap   total 196608K, used 8409K [0x0000000080000000, 0x0000000100000000)
  region size 1024K, 3 young (3072K), 3 survivors (3072K)
 Metaspace       used 10374K, capacity 10641K, committed 11008K, reserved 1058816K
  class space    used 1093K, capacity 1163K, committed 1280K, reserved 1048576K
}
Event: 3.868 GC heap before
{Heap before GC invocations=1 (full 0):
 garbage-first heap   total 196608K, used 93401K [0x0000000080000000, 0x0000000100000000)
  region size 1024K, 88 young (90112K), 3 survivors (3072K)
 Metaspace       used 20633K, capacity 21109K, committed 21248K, reserved 1067008K
  class space    used 2531K, capacity 2710K, committed 2816K, reserved 1048576K
}
Event: 3.881 GC heap after
{Heap after GC invocations=2 (full 0):
 garbage-first heap   total 196608K, used 15945K [0x0000000080000000, 0x0000000100000000)
  region size 1024K, 11 young (11264K), 11 survivors (11264K)
 Metaspace       used 20633K, capacity 21109K, committed 21248K, reserved 1067008K
  class space    used 2531K, capacity 2710K, committed 2816K, reserved 1048576K
}
Event: 4.119 GC heap before
{Heap before GC invocations=3 (full 0):
 garbage-first heap   total 196608K, used 39497K [0x0000000080000000, 0x0000000100000000)
  region size 1024K, 34 young (34816K), 11 survivors (11264K)
 Metaspace       used 23000K, capacity 23550K, committed 23680K, reserved 1069056K
  class space    used 2933K, capacity 3142K, committed 3200K, reserved 1048576K
}
Event: 4.125 GC heap after
{Heap after GC invocations=4 (full 0):
 garbage-first heap   total 196608K, used 17521K [0x0000000080000000, 0x0000000100000000)
  region size 1024K, 2 young (2048K), 2 survivors (2048K)
 Metaspace       used 23000K, capacity 23550K, committed 23680K, reserved 1069056K
  class space    used 2933K, capacity 3142K, committed 3200K, reserved 1048576K
}
Event: 5.173 GC heap before
{Heap before GC invocations=4 (full 0):
 garbage-first heap   total 196608K, used 92273K [0x0000000080000000, 0x0000000100000000)
  region size 1024K, 76 young (77824K), 2 survivors (2048K)
 Metaspace       used 35037K, capacity 35737K, committed 35840K, reserved 1081344K
  class space    used 4555K, capacity 4824K, committed 4864K, reserved 1048576K
}
Event: 5.182 GC heap after
{Heap after GC invocations=5 (full 0):
 garbage-first heap   total 196608K, used 21366K [0x0000000080000000, 0x0000000100000000)
  region size 1024K, 6 young (6144K), 6 survivors (6144K)
 Metaspace       used 35037K, capacity 35737K, committed 35840K, reserved 1081344K
  class space    used 4555K, capacity 4824K, committed 4864K, reserved 1048576K
}
Event: 7.187 GC heap before
{Heap before GC invocations=6 (full 0):
 garbage-first heap   total 196608K, used 120694K [0x0000000080000000, 0x0000000100000000)
  region size 1024K, 100 young (102400K), 6 survivors (6144K)
 Metaspace       used 43677K, capacity 44665K, committed 44928K, reserved 1087488K
  class space    used 5597K, capacity 5983K, committed 6016K, reserved 1048576K
}
Event: 7.198 GC heap after
{Heap after GC invocations=7 (full 0):
 garbage-first heap   total 196608K, used 27450K [0x0000000080000000, 0x0000000100000000)
  region size 1024K, 12 young (12288K), 12 survivors (12288K)
 Metaspace       used 43677K, capacity 44665K, committed 44928K, reserved 1087488K
  class space    used 5597K, capacity 5983K, committed 6016K, reserved 1048576K
}
Event: 14.546 GC heap before
{Heap before GC invocations=7 (full 0):
 garbage-first heap   total 196608K, used 139066K [0x0000000080000000, 0x0000000100000000)
  region size 1024K, 115 young (117760K), 12 survivors (12288K)
 Metaspace       used 46196K, capacity 47412K, committed 47616K, reserved 1091584K
  class space    used 5929K, capacity 6379K, committed 6400K, reserved 1048576K
}
Event: 14.566 GC heap after
{Heap after GC invocations=8 (full 0):
 garbage-first heap   total 196608K, used 47397K [0x0000000080000000, 0x0000000100000000)
  region size 1024K, 15 young (15360K), 15 survivors (15360K)
 Metaspace       used 46196K, capacity 47412K, committed 47616K, reserved 1091584K
  class space    used 5929K, capacity 6379K, committed 6400K, reserved 1048576K
}
Event: 16.121 GC heap before
{Heap before GC invocations=8 (full 0):
 garbage-first heap   total 196608K, used 139557K [0x0000000080000000, 0x0000000100000000)
  region size 1024K, 105 young (107520K), 15 survivors (15360K)
 Metaspace       used 58142K, capacity 59584K, committed 59776K, reserved 1101824K
  class space    used 7426K, capacity 7982K, committed 8064K, reserved 1048576K
}
Event: 16.136 GC heap after
{Heap after GC invocations=9 (full 0):
 garbage-first heap   total 196608K, used 53476K [0x0000000080000000, 0x0000000100000000)
  region size 1024K, 6 young (6144K), 6 survivors (6144K)
 Metaspace       used 58142K, capacity 59584K, committed 59776K, reserved 1101824K
  class space    used 7426K, capacity 7982K, committed 8064K, reserved 1048576K
}
Event: 16.220 GC heap before
{Heap before GC invocations=9 (full 0):
 garbage-first heap   total 196608K, used 58596K [0x0000000080000000, 0x0000000100000000)
  region size 1024K, 12 young (12288K), 6 survivors (6144K)
 Metaspace       used 58692K, capacity 60107K, committed 60160K, reserved 1101824K
  class space    used 7496K, capacity 8048K, committed 8064K, reserved 1048576K
}
Event: 16.226 GC heap after
{Heap after GC invocations=10 (full 0):
 garbage-first heap   total 196608K, used 54006K [0x0000000080000000, 0x0000000100000000)
  region size 1024K, 6 young (6144K), 6 survivors (6144K)
 Metaspace       used 58692K, capacity 60107K, committed 60160K, reserved 1101824K
  class space    used 7496K, capacity 8048K, committed 8064K, reserved 1048576K
}
Event: 17.401 GC heap before
{Heap before GC invocations=11 (full 0):
 garbage-first heap   total 196608K, used 140022K [0x0000000080000000, 0x0000000100000000)
  region size 1024K, 90 young (92160K), 6 survivors (6144K)
 Metaspace       used 63409K, capacity 65021K, committed 65356K, reserved 1105920K
  class space    used 8074K, capacity 8656K, committed 8780K, reserved 1048576K
}
Event: 17.412 GC heap after
{Heap after GC invocations=12 (full 0):
 garbage-first heap   total 196608K, used 60925K [0x0000000080000000, 0x0000000100000000)
  region size 1024K, 12 young (12288K), 12 survivors (12288K)
 Metaspace       used 63409K, capacity 65021K, committed 65356K, reserved 1105920K
  class space    used 8074K, capacity 8656K, committed 8780K, reserved 1048576K
}

