# JRE version: OpenJDK Runtime Environment (11.0.8+10) (build 11.0.8+10-b944.6842174)
# Java VM: OpenJDK 64-Bit Server VM (11.0.8+10-b944.6842174, mixed mode, tiered, compressed oops, g1 gc, windows-amd64)
Heap:
 garbage-first heap   total 196608K, used 90632K [0x0000000080000000, 0x0000000100000000)
  region size 1024K, 72 young (73728K), 6 survivors (6144K)
 Metaspace       used 41214K, capacity 42114K, committed 42240K, reserved 1085440K
  class space    used 5267K, capacity 5576K, committed 5632K, reserved 1048576K
GC Heap History (8 events):
Event: 1.019 GC heap before
{Heap before GC invocations=0 (full 0):
 garbage-first heap   total 196608K, used 29696K [0x0000000080000000, 0x0000000100000000)
  region size 1024K, 24 young (24576K), 0 survivors (0K)
 Metaspace       used 10373K, capacity 10641K, committed 11008K, reserved 1058816K
  class space    used 1092K, capacity 1163K, committed 1280K, reserved 1048576K
}
Event: 1.025 GC heap after
{Heap after GC invocations=1 (full 0):
 garbage-first heap   total 196608K, used 8731K [0x0000000080000000, 0x0000000100000000)
  region size 1024K, 3 young (3072K), 3 survivors (3072K)
 Metaspace       used 10373K, capacity 10641K, committed 11008K, reserved 1058816K
  class space    used 1092K, capacity 1163K, committed 1280K, reserved 1048576K
}
Event: 4.142 GC heap before
{Heap before GC invocations=1 (full 0):
 garbage-first heap   total 196608K, used 93723K [0x0000000080000000, 0x0000000100000000)
  region size 1024K, 88 young (90112K), 3 survivors (3072K)
 Metaspace       used 20637K, capacity 21109K, committed 21248K, reserved 1067008K
  class space    used 2532K, capacity 2710K, committed 2816K, reserved 1048576K
}
Event: 4.153 GC heap after
{Heap after GC invocations=2 (full 0):
 garbage-first heap   total 196608K, used 15682K [0x0000000080000000, 0x0000000100000000)
  region size 1024K, 10 young (10240K), 10 survivors (10240K)
 Metaspace       used 20637K, capacity 21109K, committed 21248K, reserved 1067008K
  class space    used 2532K, capacity 2710K, committed 2816K, reserved 1048576K
}
Event: 4.850 GC heap before
{Heap before GC invocations=3 (full 0):
 garbage-first heap   total 196608K, used 62786K [0x0000000080000000, 0x0000000100000000)
  region size 1024K, 57 young (58368K), 10 survivors (10240K)
 Metaspace       used 26075K, capacity 26675K, committed 27008K, reserved 1073152K
  class space    used 3407K, capacity 3632K, committed 3712K, reserved 1048576K
}
Event: 4.859 GC heap after
{Heap after GC invocations=4 (full 0):
 garbage-first heap   total 196608K, used 17966K [0x0000000080000000, 0x0000000100000000)
  region size 1024K, 3 young (3072K), 3 survivors (3072K)
 Metaspace       used 26075K, capacity 26675K, committed 27008K, reserved 1073152K
  class space    used 3407K, capacity 3632K, committed 3712K, reserved 1048576K
}
Event: 5.764 GC heap before
{Heap before GC invocations=4 (full 0):
 garbage-first heap   total 196608K, used 67118K [0x0000000080000000, 0x0000000100000000)
  region size 1024K, 53 young (54272K), 3 survivors (3072K)
 Metaspace       used 35007K, capacity 35737K, committed 35840K, reserved 1081344K
  class space    used 4554K, capacity 4824K, committed 4864K, reserved 1048576K
}
Event: 5.772 GC heap after
{Heap after GC invocations=5 (full 0):
 garbage-first heap   total 196608K, used 21000K [0x0000000080000000, 0x0000000100000000)
  region size 1024K, 6 young (6144K), 6 survivors (6144K)
 Metaspace       used 35007K, capacity 35737K, committed 35840K, reserved 1081344K
  class space    used 4554K, capacity 4824K, committed 4864K, reserved 1048576K
}

