# JRE version: OpenJDK Runtime Environment (11.0.8+10) (build 11.0.8+10-b944.6842174)
# Java VM: OpenJDK 64-Bit Server VM (11.0.8+10-b944.6842174, mixed mode, tiered, compressed oops, g1 gc, windows-amd64)
Heap:
 garbage-first heap   total 196608K, used 19818K [0x0000000740c00000, 0x0000000800000000)
  region size 1024K, 9 young (9216K), 6 survivors (6144K)
 Metaspace       used 27473K, capacity 27846K, committed 28032K, reserved 1075200K
  class space    used 2958K, capacity 3121K, committed 3200K, reserved 1048576K
GC Heap History (6 events):
Event: 0.782 GC heap before
{Heap before GC invocations=0 (full 0):
 garbage-first heap   total 196608K, used 27648K [0x0000000740c00000, 0x0000000800000000)
  region size 1024K, 24 young (24576K), 0 survivors (0K)
 Metaspace       used 12288K, capacity 12405K, committed 12544K, reserved 1060864K
  class space    used 1151K, capacity 1174K, committed 1280K, reserved 1048576K
}
Event: 0.786 GC heap after
{Heap after GC invocations=1 (full 0):
 garbage-first heap   total 196608K, used 5846K [0x0000000740c00000, 0x0000000800000000)
  region size 1024K, 3 young (3072K), 3 survivors (3072K)
 Metaspace       used 12288K, capacity 12405K, committed 12544K, reserved 1060864K
  class space    used 1151K, capacity 1174K, committed 1280K, reserved 1048576K
}
Event: 1.692 GC heap before
{Heap before GC invocations=1 (full 0):
 garbage-first heap   total 196608K, used 43734K [0x0000000740c00000, 0x0000000800000000)
  region size 1024K, 41 young (41984K), 3 survivors (3072K)
 Metaspace       used 21013K, capacity 21194K, committed 21248K, reserved 1069056K
  class space    used 2208K, capacity 2295K, committed 2304K, reserved 1048576K
}
Event: 1.708 GC heap after
{Heap after GC invocations=2 (full 0):
 garbage-first heap   total 196608K, used 9503K [0x0000000740c00000, 0x0000000800000000)
  region size 1024K, 7 young (7168K), 7 survivors (7168K)
 Metaspace       used 21013K, capacity 21194K, committed 21248K, reserved 1069056K
  class space    used 2208K, capacity 2295K, committed 2304K, reserved 1048576K
}
Event: 2.269 GC heap before
{Heap before GC invocations=3 (full 0):
 garbage-first heap   total 196608K, used 39199K [0x0000000740c00000, 0x0000000800000000)
  region size 1024K, 31 young (31744K), 7 survivors (7168K)
 Metaspace       used 27005K, capacity 27383K, committed 27648K, reserved 1073152K
  class space    used 2877K, capacity 3051K, committed 3072K, reserved 1048576K
}
Event: 2.282 GC heap after
{Heap after GC invocations=4 (full 0):
 garbage-first heap   total 196608K, used 17770K [0x0000000740c00000, 0x0000000800000000)
  region size 1024K, 6 young (6144K), 6 survivors (6144K)
 Metaspace       used 27005K, capacity 27383K, committed 27648K, reserved 1073152K
  class space    used 2877K, capacity 3051K, committed 3072K, reserved 1048576K
}

